Arm ACS Version: v0.9_BETA
Results generated by fwts: Version V21.06.00 (2021-06-21 05:43:14).

Some of this work - Copyright (c) 1999 - 2021, Intel Corp. All rights reserved.
Some of this work - Copyright (c) 2010 - 2021, Canonical.
Some of this work - Copyright (c) 2016 - 2021, IBM.
Some of this work - Copyright (c) 2017 - 2021, ARM Ltd.

This test run on 01/01/70 at 00:00:12 on host Linux (none)
5.11.0-00001-gaeea746c28e5 #1 SMP PREEMPT Mon Jul 26 20:02:11 IST 2021 aarch64.

Command: "fwts -f -r /mnt/acs_results/fwts/FWTSResults.log securebootcert
uefirtauthvar uefirtmisc uefivarinfo esrt uefibootpath uefirtmisc uefirttime
uefirtvariable".
Running tests: securebootcert uefirtauthvar uefirtmisc uefivarinfo esrt
uefibootpath uefirtmisc uefirttime uefirtvariable.

securebootcert: UEFI secure boot test.
--------------------------------------------------------------------------------
Cannot detect efivars interface. Aborted.
Aborted test, initialisation failed.
================================================================================
0 passed, 0 failed, 0 warning, 2 aborted, 0 skipped, 0 info only.
================================================================================

uefirtauthvar: Authenticated variable tests.
--------------------------------------------------------------------------------
SKIPPED: Test 1, Skipping test, SetVariable runtime service is not supported on
this platform.
================================================================================
0 passed, 0 failed, 0 warning, 0 aborted, 11 skipped, 0 info only.
================================================================================

uefirtmisc: UEFI miscellaneous runtime service interface tests.
--------------------------------------------------------------------------------
Test 1 of 4: Test for UEFI miscellaneous runtime service interfaces.
Testing UEFI runtime service GetNextHighMonotonicCount interface.
SKIPPED: Test 1, Skipping test, GetNextHighMonotonicCount runtime service is not
supported on this platform.
Testing UEFI runtime service QueryCapsuleCapabilities interface.
SKIPPED: Test 1, Skipping test, QueryCapsuleCapabilities runtime service is not
supported on this platform.
SKIPPED: Test 1, Skipping test, QueryCapsuleCapabilities runtime service is not
supported on this platform.
SKIPPED: Test 1, Skipping test, QueryCapsuleCapabilities runtime service is not
supported on this platform.
SKIPPED: Test 1, Skipping test, QueryCapsuleCapabilities runtime service is not
supported on this platform.
SKIPPED: Test 1, Skipping test, QueryCapsuleCapabilities runtime service is not
supported on this platform.

Test 2 of 4: Stress test for UEFI miscellaneous runtime service interfaces.
SKIPPED: Test 2, Skipping test, GetNextHighMonotonicCount runtime service is not
supported on this platform.

Test 3 of 4: Test GetNextHighMonotonicCount with invalid NULL parameter.
SKIPPED: Test 3, Skipping test, GetNextHighMonotonicCount runtime service is not
supported on this platform.

Test 4 of 4: Test UEFI miscellaneous runtime services unsupported status.
